<?xml version="1.0" encoding="UTF-8"?>
<!-- Generated by org.testng.reporters.JUnitReportReporter -->
<testsuite name="com.kreatocrm.testcases.TC_Login_004" tests="1" time="3.892" ignored="0" failures="0" timestamp="18 Jul 2019 11:02:56 GMT" skipped="0" hostname="NSWS005" errors="0">
  <testcase name="loginTest" time="3.892" classname="com.kreatocrm.testcases.TC_Login_004"/>
</testsuite> <!-- com.kreatocrm.testcases.TC_Login_004 -->
