<?xml version="1.0" encoding="UTF-8"?>
<!-- Generated by org.testng.reporters.JUnitReportReporter -->
<testsuite name="com.kreatocrm.testcases.TC_Login_002" tests="1" time="15.392" ignored="0" failures="0" timestamp="18 Jul 2019 10:40:47 GMT" skipped="0" hostname="NSWS005" errors="0">
  <testcase name="loginTest" time="15.392" classname="com.kreatocrm.testcases.TC_Login_002"/>
</testsuite> <!-- com.kreatocrm.testcases.TC_Login_002 -->
